4:03:11 PM  [main] 	Initializing Control Panel
4:03:11 PM  [main] 	Windows Version:  Pro  64-bit
4:03:11 PM  [main] 	XAMPP Version: 7.3.31
4:03:11 PM  [main] 	Control Panel Version: 3.3.0  [ Compiled: Apr 6th 2021 ]
4:03:11 PM  [main] 	You are not running with administrator rights! This will work for
4:03:11 PM  [main] 	most application stuff but whenever you do something with services
4:03:11 PM  [main] 	there will be a security dialogue or things will break! So think 
4:03:11 PM  [main] 	about running this application with administrator rights!
4:03:11 PM  [main] 	XAMPP Installation Directory: "c:\users\peter galas\desktop\xampp\"
4:03:11 PM  [main] 	WARNING: Your install directory contains spaces.  This may break programs/scripts
4:03:11 PM  [main] 	Checking for prerequisites
4:03:13 PM  [main] 	All prerequisites found
4:03:13 PM  [main] 	Initializing Modules
4:03:13 PM  [Apache] 	XAMPP Apache is already running on port 443
4:03:13 PM  [Tomcat] 	Problem detected!
4:03:13 PM  [Tomcat] 	Port 8080 in use by "C:\Users\PETER GALAS\Desktop\XAMPP\apache\bin\httpd.exe"!
4:03:13 PM  [Tomcat] 	Tomcat WILL NOT start without the configured ports free!
4:03:13 PM  [Tomcat] 	You need to uninstall/disable/reconfigure the blocking application
4:03:13 PM  [Tomcat] 	or reconfigure Tomcat and the Control Panel to listen on a different port
4:03:13 PM  [main] 	Starting Check-Timer
4:03:13 PM  [main] 	Control Panel Ready
4:03:20 PM  [Apache] 	Attempting to stop Apache (PID: 4572)
4:03:20 PM  [Apache] 	Attempting to stop Apache (PID: 17148)
4:03:21 PM  [Apache] 	Status change detected: stopped
4:03:22 PM  [Apache] 	Attempting to start Apache app...
4:03:23 PM  [Apache] 	Status change detected: running
4:04:08 PM  [Apache] 	Status change detected: stopped
4:04:08 PM  [Apache] 	Error: Apache shutdown unexpectedly.
4:04:08 PM  [Apache] 	This may be due to a blocked port, missing dependencies, 
4:04:08 PM  [Apache] 	improper privileges, a crash, or a shutdown by another method.
4:04:08 PM  [Apache] 	Press the Logs button to view error logs and check
4:04:08 PM  [Apache] 	the Windows Event Viewer for more clues
4:04:08 PM  [Apache] 	If you need more help, copy and post this
4:04:08 PM  [Apache] 	entire log window on the forums
12:02:30 AM  [Apache] 	Attempting to start Apache app...
12:02:30 AM  [Apache] 	Status change detected: running
12:36:03 AM  [Apache] 	Status change detected: stopped
12:36:03 AM  [Apache] 	Error: Apache shutdown unexpectedly.
12:36:03 AM  [Apache] 	This may be due to a blocked port, missing dependencies, 
12:36:03 AM  [Apache] 	improper privileges, a crash, or a shutdown by another method.
12:36:03 AM  [Apache] 	Press the Logs button to view error logs and check
12:36:03 AM  [Apache] 	the Windows Event Viewer for more clues
12:36:03 AM  [Apache] 	If you need more help, copy and post this
12:36:03 AM  [Apache] 	entire log window on the forums
2:26:22 AM  [main] 	Deinitializing Modules
2:26:22 AM  [main] 	Deinitializing Control Panel

11:27:47 AM  [main] 	Initializing Control Panel
11:27:47 AM  [main] 	Windows Version:  Pro  64-bit
11:27:47 AM  [main] 	XAMPP Version: 7.3.31
11:27:47 AM  [main] 	Control Panel Version: 3.3.0  [ Compiled: Apr 6th 2021 ]
11:27:47 AM  [main] 	You are not running with administrator rights! This will work for
11:27:47 AM  [main] 	most application stuff but whenever you do something with services
11:27:47 AM  [main] 	there will be a security dialogue or things will break! So think 
11:27:47 AM  [main] 	about running this application with administrator rights!
11:27:47 AM  [main] 	XAMPP Installation Directory: "c:\users\peter galas\desktop\xampp\"
11:27:47 AM  [main] 	WARNING: Your install directory contains spaces.  This may break programs/scripts
11:27:47 AM  [main] 	Checking for prerequisites
11:27:49 AM  [main] 	All prerequisites found
11:27:49 AM  [main] 	Initializing Modules
11:27:49 AM  [main] 	Starting Check-Timer
11:27:49 AM  [main] 	Control Panel Ready
1:15:42 PM  [Apache] 	Attempting to start Apache app...
1:15:42 PM  [Apache] 	Status change detected: running
2:10:28 PM  [Apache] 	Attempting to stop Apache (PID: 2164)
2:10:28 PM  [Apache] 	Attempting to stop Apache (PID: 16912)
2:10:28 PM  [Apache] 	Status change detected: stopped
2:10:29 PM  [Apache] 	Attempting to start Apache app...
2:10:29 PM  [Apache] 	Status change detected: running
2:12:39 PM  [Apache] 	Attempting to stop Apache (PID: 9680)
2:12:39 PM  [Apache] 	Attempting to stop Apache (PID: 11620)
2:12:40 PM  [Apache] 	Status change detected: stopped
2:12:41 PM  [Apache] 	Attempting to start Apache app...
2:12:41 PM  [Apache] 	Status change detected: running
2:13:15 PM  [Apache] 	Attempting to stop Apache (PID: 2848)
2:13:15 PM  [Apache] 	Attempting to stop Apache (PID: 6776)
2:13:15 PM  [Apache] 	Status change detected: stopped
2:13:31 PM  [Apache] 	Status change detected: running
2:13:51 PM  [Apache] 	Status change detected: stopped
2:14:40 PM  [Apache] 	Status change detected: running
4:03:21 PM  [Apache] 	Status change detected: stopped
4:03:23 PM  [Apache] 	Status change detected: running
4:04:08 PM  [Apache] 	Status change detected: stopped
12:02:30 AM  [Apache] 	Status change detected: running
12:36:03 AM  [Apache] 	Status change detected: stopped
2:26:22 AM  [main] 	Deinitializing Modules
2:26:22 AM  [main] 	Deinitializing Control Panel

