[Sat Oct 09 13:15:43.931115 2021] [ssl:warn] [pid 2164:tid 536] AH01909: www.example.com:443:0 server certificate does NOT include an ID which matches the server name
[Sat Oct 09 13:15:43.996506 2021] [ssl:warn] [pid 2164:tid 536] AH01909: www.example.com:443:0 server certificate does NOT include an ID which matches the server name
[Sat Oct 09 13:15:44.400856 2021] [mpm_winnt:notice] [pid 2164:tid 536] AH00455: Apache/2.4.50 (Win64) OpenSSL/1.1.1l PHP/7.3.31 configured -- resuming normal operations
[Sat Oct 09 13:15:44.400856 2021] [mpm_winnt:notice] [pid 2164:tid 536] AH00456: Apache Lounge VC15 Server built: Oct  4 2021 10:55:03
[Sat Oct 09 13:15:44.400856 2021] [core:notice] [pid 2164:tid 536] AH00094: Command line: 'c:\\users\\peter galas\\desktop\\xampp\\apache\\bin\\httpd.exe -d C:/Users/PETER GALAS/Desktop/XAMPP/apache'
[Sat Oct 09 13:15:44.405874 2021] [mpm_winnt:notice] [pid 2164:tid 536] AH00418: Parent: Created child process 16912
[Sat Oct 09 13:15:44.626283 2021] [ssl:warn] [pid 16912:tid 568] AH01909: www.example.com:443:0 server certificate does NOT include an ID which matches the server name
[Sat Oct 09 13:15:44.662411 2021] [ssl:warn] [pid 16912:tid 568] AH01909: www.example.com:443:0 server certificate does NOT include an ID which matches the server name
[Sat Oct 09 13:15:44.688746 2021] [mpm_winnt:notice] [pid 16912:tid 568] AH00354: Child: Starting 150 worker threads.
[Sat Oct 09 14:10:29.883182 2021] [ssl:warn] [pid 9680:tid 552] AH01909: www.example.com:443:0 server certificate does NOT include an ID which matches the server name
[Sat Oct 09 14:10:29.930022 2021] [core:warn] [pid 9680:tid 552] AH00098: pid file C:/Users/PETER GALAS/Desktop/XAMPP/apache/logs/httpd.pid overwritten -- Unclean shutdown of previous Apache run?
[Sat Oct 09 14:10:29.930022 2021] [ssl:warn] [pid 9680:tid 552] AH01909: www.example.com:443:0 server certificate does NOT include an ID which matches the server name
[Sat Oct 09 14:10:29.965911 2021] [mpm_winnt:notice] [pid 9680:tid 552] AH00455: Apache/2.4.50 (Win64) OpenSSL/1.1.1l PHP/7.3.31 configured -- resuming normal operations
[Sat Oct 09 14:10:29.965911 2021] [mpm_winnt:notice] [pid 9680:tid 552] AH00456: Apache Lounge VC15 Server built: Oct  4 2021 10:55:03
[Sat Oct 09 14:10:29.965911 2021] [core:notice] [pid 9680:tid 552] AH00094: Command line: 'c:\\users\\peter galas\\desktop\\xampp\\apache\\bin\\httpd.exe -d C:/Users/PETER GALAS/Desktop/XAMPP/apache'
[Sat Oct 09 14:10:29.981540 2021] [mpm_winnt:notice] [pid 9680:tid 552] AH00418: Parent: Created child process 11620
[Sat Oct 09 14:10:30.200845 2021] [ssl:warn] [pid 11620:tid 544] AH01909: www.example.com:443:0 server certificate does NOT include an ID which matches the server name
[Sat Oct 09 14:10:30.231563 2021] [ssl:warn] [pid 11620:tid 544] AH01909: www.example.com:443:0 server certificate does NOT include an ID which matches the server name
[Sat Oct 09 14:10:30.262863 2021] [mpm_winnt:notice] [pid 11620:tid 544] AH00354: Child: Starting 150 worker threads.
[Sat Oct 09 14:12:41.909262 2021] [ssl:warn] [pid 2848:tid 564] AH01909: www.example.com:443:0 server certificate does NOT include an ID which matches the server name
[Sat Oct 09 14:12:41.961428 2021] [core:warn] [pid 2848:tid 564] AH00098: pid file C:/Users/PETER GALAS/Desktop/XAMPP/apache/logs/httpd.pid overwritten -- Unclean shutdown of previous Apache run?
[Sat Oct 09 14:12:41.970108 2021] [ssl:warn] [pid 2848:tid 564] AH01909: www.example.com:443:0 server certificate does NOT include an ID which matches the server name
[Sat Oct 09 14:12:41.992856 2021] [mpm_winnt:notice] [pid 2848:tid 564] AH00455: Apache/2.4.50 (Win64) OpenSSL/1.1.1l PHP/7.3.31 configured -- resuming normal operations
[Sat Oct 09 14:12:41.992856 2021] [mpm_winnt:notice] [pid 2848:tid 564] AH00456: Apache Lounge VC15 Server built: Oct  4 2021 10:55:03
[Sat Oct 09 14:12:41.992856 2021] [core:notice] [pid 2848:tid 564] AH00094: Command line: 'c:\\users\\peter galas\\desktop\\xampp\\apache\\bin\\httpd.exe -d C:/Users/PETER GALAS/Desktop/XAMPP/apache'
[Sat Oct 09 14:12:41.992856 2021] [mpm_winnt:notice] [pid 2848:tid 564] AH00418: Parent: Created child process 6776
[Sat Oct 09 14:12:42.336889 2021] [ssl:warn] [pid 6776:tid 564] AH01909: www.example.com:443:0 server certificate does NOT include an ID which matches the server name
[Sat Oct 09 14:12:42.367930 2021] [ssl:warn] [pid 6776:tid 564] AH01909: www.example.com:443:0 server certificate does NOT include an ID which matches the server name
[Sat Oct 09 14:12:42.399148 2021] [mpm_winnt:notice] [pid 6776:tid 564] AH00354: Child: Starting 150 worker threads.
[Sat Oct 09 14:13:31.273797 2021] [ssl:warn] [pid 11216:tid 176] AH01909: www.example.com:443:0 server certificate does NOT include an ID which matches the server name
[Sat Oct 09 14:13:31.336652 2021] [core:warn] [pid 11216:tid 176] AH00098: pid file C:/Users/PETER GALAS/Desktop/XAMPP/apache/logs/httpd.pid overwritten -- Unclean shutdown of previous Apache run?
[Sat Oct 09 14:13:31.351928 2021] [ssl:warn] [pid 11216:tid 176] AH01909: www.example.com:443:0 server certificate does NOT include an ID which matches the server name
[Sat Oct 09 14:13:31.367554 2021] [mpm_winnt:notice] [pid 11216:tid 176] AH00455: Apache/2.4.50 (Win64) OpenSSL/1.1.1l PHP/7.3.31 configured -- resuming normal operations
[Sat Oct 09 14:13:31.367554 2021] [mpm_winnt:notice] [pid 11216:tid 176] AH00456: Apache Lounge VC15 Server built: Oct  4 2021 10:55:03
[Sat Oct 09 14:13:31.367554 2021] [core:notice] [pid 11216:tid 176] AH00094: Command line: 'c:\\users\\peter galas\\desktop\\xampp\\apache\\bin\\httpd.exe -d C:/Users/PETER GALAS/Desktop/XAMPP/apache'
[Sat Oct 09 14:13:31.367554 2021] [mpm_winnt:notice] [pid 11216:tid 176] AH00418: Parent: Created child process 2532
[Sat Oct 09 14:13:31.749808 2021] [ssl:warn] [pid 2532:tid 560] AH01909: www.example.com:443:0 server certificate does NOT include an ID which matches the server name
[Sat Oct 09 14:13:31.784933 2021] [ssl:warn] [pid 2532:tid 560] AH01909: www.example.com:443:0 server certificate does NOT include an ID which matches the server name
[Sat Oct 09 14:13:31.806639 2021] [mpm_winnt:notice] [pid 2532:tid 560] AH00354: Child: Starting 150 worker threads.
[Sat Oct 09 14:14:40.608707 2021] [ssl:warn] [pid 4572:tid 536] AH01909: www.example.com:443:0 server certificate does NOT include an ID which matches the server name
[Sat Oct 09 14:14:40.676184 2021] [core:warn] [pid 4572:tid 536] AH00098: pid file C:/Users/PETER GALAS/Desktop/XAMPP/apache/logs/httpd.pid overwritten -- Unclean shutdown of previous Apache run?
[Sat Oct 09 14:14:40.684823 2021] [ssl:warn] [pid 4572:tid 536] AH01909: www.example.com:443:0 server certificate does NOT include an ID which matches the server name
[Sat Oct 09 14:14:40.704540 2021] [mpm_winnt:notice] [pid 4572:tid 536] AH00455: Apache/2.4.50 (Win64) OpenSSL/1.1.1l PHP/7.3.31 configured -- resuming normal operations
[Sat Oct 09 14:14:40.704540 2021] [mpm_winnt:notice] [pid 4572:tid 536] AH00456: Apache Lounge VC15 Server built: Oct  4 2021 10:55:03
[Sat Oct 09 14:14:40.704540 2021] [core:notice] [pid 4572:tid 536] AH00094: Command line: 'c:\\users\\peter galas\\desktop\\xampp\\apache\\bin\\httpd.exe -d C:/Users/PETER GALAS/Desktop/XAMPP/apache'
[Sat Oct 09 14:14:40.713433 2021] [mpm_winnt:notice] [pid 4572:tid 536] AH00418: Parent: Created child process 17148
[Sat Oct 09 14:14:41.027610 2021] [ssl:warn] [pid 17148:tid 568] AH01909: www.example.com:443:0 server certificate does NOT include an ID which matches the server name
[Sat Oct 09 14:14:41.074881 2021] [ssl:warn] [pid 17148:tid 568] AH01909: www.example.com:443:0 server certificate does NOT include an ID which matches the server name
[Sat Oct 09 14:14:41.090154 2021] [mpm_winnt:notice] [pid 17148:tid 568] AH00354: Child: Starting 150 worker threads.
[Sat Oct 09 16:03:23.604292 2021] [ssl:warn] [pid 1456:tid 492] AH01909: www.example.com:443:0 server certificate does NOT include an ID which matches the server name
[Sat Oct 09 16:03:23.668291 2021] [core:warn] [pid 1456:tid 492] AH00098: pid file C:/Users/PETER GALAS/Desktop/XAMPP/apache/logs/httpd.pid overwritten -- Unclean shutdown of previous Apache run?
[Sat Oct 09 16:03:23.676304 2021] [ssl:warn] [pid 1456:tid 492] AH01909: www.example.com:443:0 server certificate does NOT include an ID which matches the server name
[Sat Oct 09 16:03:23.748254 2021] [mpm_winnt:notice] [pid 1456:tid 492] AH00455: Apache/2.4.50 (Win64) OpenSSL/1.1.1l PHP/7.3.31 configured -- resuming normal operations
[Sat Oct 09 16:03:23.748254 2021] [mpm_winnt:notice] [pid 1456:tid 492] AH00456: Apache Lounge VC15 Server built: Oct  4 2021 10:55:03
[Sat Oct 09 16:03:23.748254 2021] [core:notice] [pid 1456:tid 492] AH00094: Command line: 'c:\\users\\peter galas\\desktop\\xampp\\apache\\bin\\httpd.exe -d C:/Users/PETER GALAS/Desktop/XAMPP/apache'
[Sat Oct 09 16:03:23.748254 2021] [mpm_winnt:notice] [pid 1456:tid 492] AH00418: Parent: Created child process 12600
[Sat Oct 09 16:03:24.033402 2021] [ssl:warn] [pid 12600:tid 560] AH01909: www.example.com:443:0 server certificate does NOT include an ID which matches the server name
[Sat Oct 09 16:03:24.081436 2021] [ssl:warn] [pid 12600:tid 560] AH01909: www.example.com:443:0 server certificate does NOT include an ID which matches the server name
[Sat Oct 09 16:03:24.121407 2021] [mpm_winnt:notice] [pid 12600:tid 560] AH00354: Child: Starting 150 worker threads.
[Sun Oct 10 00:02:32.008175 2021] [ssl:warn] [pid 14888:tid 536] AH01909: www.example.com:443:0 server certificate does NOT include an ID which matches the server name
[Sun Oct 10 00:02:32.070949 2021] [core:warn] [pid 14888:tid 536] AH00098: pid file C:/Users/PETER GALAS/Desktop/XAMPP/apache/logs/httpd.pid overwritten -- Unclean shutdown of previous Apache run?
[Sun Oct 10 00:02:32.086274 2021] [ssl:warn] [pid 14888:tid 536] AH01909: www.example.com:443:0 server certificate does NOT include an ID which matches the server name
[Sun Oct 10 00:02:32.525552 2021] [mpm_winnt:notice] [pid 14888:tid 536] AH00455: Apache/2.4.50 (Win64) OpenSSL/1.1.1l PHP/7.3.31 configured -- resuming normal operations
[Sun Oct 10 00:02:32.525552 2021] [mpm_winnt:notice] [pid 14888:tid 536] AH00456: Apache Lounge VC15 Server built: Oct  4 2021 10:55:03
[Sun Oct 10 00:02:32.525552 2021] [core:notice] [pid 14888:tid 536] AH00094: Command line: 'c:\\users\\peter galas\\desktop\\xampp\\apache\\bin\\httpd.exe -d C:/Users/PETER GALAS/Desktop/XAMPP/apache'
[Sun Oct 10 00:02:32.525552 2021] [mpm_winnt:notice] [pid 14888:tid 536] AH00418: Parent: Created child process 17040
[Sun Oct 10 00:02:32.981358 2021] [ssl:warn] [pid 17040:tid 568] AH01909: www.example.com:443:0 server certificate does NOT include an ID which matches the server name
[Sun Oct 10 00:02:33.059284 2021] [ssl:warn] [pid 17040:tid 568] AH01909: www.example.com:443:0 server certificate does NOT include an ID which matches the server name
[Sun Oct 10 00:02:33.137418 2021] [mpm_winnt:notice] [pid 17040:tid 568] AH00354: Child: Starting 150 worker threads.
